This is XeTeX, Version 3.141592653-2.6-0.999994 (TeX Live 2022) (preloaded format=xelatex 2022.7.29)  31 JUL 2022 21:22
entering extended mode
 restricted \write18 enabled.
 %&-line parsing enabled.
**_main.tex
(./_main.tex
LaTeX2e <2022-06-01> patch level 5
L3 programming layer <2022-07-15> (/Users/Indurekha/Library/TinyTeX/texmf-dist/tex/latex/base/book.cls
Document Class: book 2021/10/04 v1.4n Standard LaTeX document class
(/Users/Indurekha/Library/TinyTeX/texmf-dist/tex/latex/base/bk10.clo
File: bk10.clo 2021/10/04 v1.4n Standard LaTeX file (size option)
)
\c@part=\count181
\c@chapter=\count182
\c@section=\count183
\c@subsection=\count184
\c@subsubsection=\count185
\c@paragraph=\count186
\c@subparagraph=\count187
\c@figure=\count188
\c@table=\count189
\abovecaptionskip=\skip47
\belowcaptionskip=\skip48
\bibindent=\dimen138
) (/Users/Indurekha/Library/TinyTeX/texmf-dist/tex/latex/amsmath/amsmath.sty
Package: amsmath 2022/04/08 v2.17n AMS math features
\@mathmargin=\skip49
For additional information on amsmath, use the `?' option.
(/Users/Indurekha/Library/TinyTeX/texmf-dist/tex/latex/amsmath/amstext.sty
Package: amstext 2021/08/26 v2.01 AMS text
(/Users/Indurekha/Library/TinyTeX/texmf-dist/tex/latex/amsmath/amsgen.sty
File: amsgen.sty 1999/11/30 v2.0 generic functions
\@emptytoks=\toks16
\ex@=\dimen139
)) (/Users/Indurekha/Library/TinyTeX/texmf-dist/tex/latex/amsmath/amsbsy.sty
Package: amsbsy 1999/11/29 v1.2d Bold Symbols
\pmbraise@=\dimen140
) (/Users/Indurekha/Library/TinyTeX/texmf-dist/tex/latex/amsmath/amsopn.sty
Package: amsopn 2022/04/08 v2.04 operator names
)
\inf@bad=\count190
LaTeX Info: Redefining \frac on input line 234.
\uproot@=\count191
\leftroot@=\count192
LaTeX Info: Redefining \overline on input line 399.
LaTeX Info: Redefining \colon on input line 410.
\classnum@=\count193
\DOTSCASE@=\count194
LaTeX Info: Redefining \ldots on input line 496.
LaTeX Info: Redefining \dots on input line 499.
LaTeX Info: Redefining \cdots on input line 620.
\Mathstrutbox@=\box51
\strutbox@=\box52
LaTeX Info: Redefining \big on input line 722.
LaTeX Info: Redefining \Big on input line 723.
LaTeX Info: Redefining \bigg on input line 724.
LaTeX Info: Redefining \Bigg on input line 725.
\big@size=\dimen141
LaTeX Font Info:    Redeclaring font encoding OML on input line 743.
LaTeX Font Info:    Redeclaring font encoding OMS on input line 744.
\macc@depth=\count195
LaTeX Info: Redefining \bmod on input line 905.
LaTeX Info: Redefining \pmod on input line 910.
LaTeX Info: Redefining \smash on input line 940.
LaTeX Info: Redefining \relbar on input line 970.
LaTeX Info: Redefining \Relbar on input line 971.
\c@MaxMatrixCols=\count196
\dotsspace@=\muskip16
\c@parentequation=\count197
\dspbrk@lvl=\count198
\tag@help=\toks17
\row@=\count199
\column@=\count266
\maxfields@=\count267
\andhelp@=\toks18
\eqnshift@=\dimen142
\alignsep@=\dimen143
\tagshift@=\dimen144
\tagwidth@=\dimen145
\totwidth@=\dimen146
\lineht@=\dimen147
\@envbody=\toks19
\multlinegap=\skip50
\multlinetaggap=\skip51
\mathdisplay@stack=\toks20
LaTeX Info: Redefining \[ on input line 2953.
LaTeX Info: Redefining \] on input line 2954.
) (/Users/Indurekha/Library/TinyTeX/texmf-dist/tex/latex/amsfonts/amssymb.sty
Package: amssymb 2013/01/14 v3.01 AMS font symbols
(/Users/Indurekha/Library/TinyTeX/texmf-dist/tex/latex/amsfonts/amsfonts.sty
Package: amsfonts 2013/01/14 v3.01 Basic AMSFonts support
\symAMSa=\mathgroup4
\symAMSb=\mathgroup5
LaTeX Font Info:    Redeclaring math symbol \hbar on input line 98.
LaTeX Font Info:    Overwriting math alphabet `\mathfrak' in version `bold'
(Font)                  U/euf/m/n --> U/euf/b/n on input line 106.
)) (/Users/Indurekha/Library/TinyTeX/texmf-dist/tex/latex/lm/lmodern.sty
Package: lmodern 2015/05/01 v1.6.1 Latin Modern Fonts
LaTeX Font Info:    Overwriting symbol font `operators' in version `normal'
(Font)                  OT1/cmr/m/n --> OT1/lmr/m/n on input line 22.
LaTeX Font Info:    Overwriting symbol font `letters' in version `normal'
(Font)                  OML/cmm/m/it --> OML/lmm/m/it on input line 23.
LaTeX Font Info:    Overwriting symbol font `symbols' in version `normal'
(Font)                  OMS/cmsy/m/n --> OMS/lmsy/m/n on input line 24.
LaTeX Font Info:    Overwriting symbol font `largesymbols' in version `normal'
(Font)                  OMX/cmex/m/n --> OMX/lmex/m/n on input line 25.
LaTeX Font Info:    Overwriting symbol font `operators' in version `bold'
(Font)                  OT1/cmr/bx/n --> OT1/lmr/bx/n on input line 26.
LaTeX Font Info:    Overwriting symbol font `letters' in version `bold'
(Font)                  OML/cmm/b/it --> OML/lmm/b/it on input line 27.
LaTeX Font Info:    Overwriting symbol font `symbols' in version `bold'
(Font)                  OMS/cmsy/b/n --> OMS/lmsy/b/n on input line 28.
LaTeX Font Info:    Overwriting symbol font `largesymbols' in version `bold'
(Font)                  OMX/cmex/m/n --> OMX/lmex/m/n on input line 29.
LaTeX Font Info:    Overwriting math alphabet `\mathbf' in version `normal'
(Font)                  OT1/cmr/bx/n --> OT1/lmr/bx/n on input line 31.
LaTeX Font Info:    Overwriting math alphabet `\mathsf' in version `normal'
(Font)                  OT1/cmss/m/n --> OT1/lmss/m/n on input line 32.
LaTeX Font Info:    Overwriting math alphabet `\mathit' in version `normal'
(Font)                  OT1/cmr/m/it --> OT1/lmr/m/it on input line 33.
LaTeX Font Info:    Overwriting math alphabet `\mathtt' in version `normal'
(Font)                  OT1/cmtt/m/n --> OT1/lmtt/m/n on input line 34.
LaTeX Font Info:    Overwriting math alphabet `\mathbf' in version `bold'
(Font)                  OT1/cmr/bx/n --> OT1/lmr/bx/n on input line 35.
LaTeX Font Info:    Overwriting math alphabet `\mathsf' in version `bold'
(Font)                  OT1/cmss/bx/n --> OT1/lmss/bx/n on input line 36.
LaTeX Font Info:    Overwriting math alphabet `\mathit' in version `bold'
(Font)                  OT1/cmr/bx/it --> OT1/lmr/bx/it on input line 37.
LaTeX Font Info:    Overwriting math alphabet `\mathtt' in version `bold'
(Font)                  OT1/cmtt/m/n --> OT1/lmtt/m/n on input line 38.
) (/Users/Indurekha/Library/TinyTeX/texmf-dist/tex/generic/iftex/iftex.sty
Package: iftex 2022/02/03 v1.0f TeX engine tests
) (/Users/Indurekha/Library/TinyTeX/texmf-dist/tex/latex/unicode-math/unicode-math.sty (/Users/Indurekha/Library/TinyTeX/texmf-dist/tex/latex/l3kernel/expl3.sty
Package: expl3 2022-07-15 L3 programming layer (loader) 
(/Users/Indurekha/Library/TinyTeX/texmf-dist/tex/latex/l3backend/l3backend-xetex.def
File: l3backend-xetex.def 2022-07-01 L3 backend support: XeTeX
\g__graphics_track_int=\count268
\l__pdf_internal_box=\box53
\g__pdf_backend_object_int=\count269
\g__pdf_backend_annotation_int=\count270
\g__pdf_backend_link_int=\count271
))
Package: unicode-math 2020/01/31 v0.8q Unicode maths in XeLaTeX and LuaLaTeX
(/Users/Indurekha/Library/TinyTeX/texmf-dist/tex/latex/unicode-math/unicode-math-xetex.sty
Package: unicode-math-xetex 2020/01/31 v0.8q Unicode maths in XeLaTeX and LuaLaTeX
(/Users/Indurekha/Library/TinyTeX/texmf-dist/tex/latex/l3packages/xparse/xparse.sty
Package: xparse 2022-06-22 L3 Experimental document command parser
) (/Users/Indurekha/Library/TinyTeX/texmf-dist/tex/latex/l3packages/l3keys2e/l3keys2e.sty
Package: l3keys2e 2022-06-22 LaTeX2e option processing using LaTeX3 keys
) (/Users/Indurekha/Library/TinyTeX/texmf-dist/tex/latex/fontspec/fontspec.sty
Package: fontspec 2022/01/15 v2.8a Font selection for XeLaTeX and LuaLaTeX
(/Users/Indurekha/Library/TinyTeX/texmf-dist/tex/latex/fontspec/fontspec-xetex.sty
Package: fontspec-xetex 2022/01/15 v2.8a Font selection for XeLaTeX and LuaLaTeX
\l__fontspec_script_int=\count272
\l__fontspec_language_int=\count273
\l__fontspec_strnum_int=\count274
\l__fontspec_tmp_int=\count275
\l__fontspec_tmpa_int=\count276
\l__fontspec_tmpb_int=\count277
\l__fontspec_tmpc_int=\count278
\l__fontspec_em_int=\count279
\l__fontspec_emdef_int=\count280
\l__fontspec_strong_int=\count281
\l__fontspec_strongdef_int=\count282
\l__fontspec_tmpa_dim=\dimen148
\l__fontspec_tmpb_dim=\dimen149
\l__fontspec_tmpc_dim=\dimen150
(/Users/Indurekha/Library/TinyTeX/texmf-dist/tex/latex/base/fontenc.sty
Package: fontenc 2021/04/29 v2.0v Standard LaTeX package
) (/Users/Indurekha/Library/TinyTeX/texmf-dist/tex/latex/fontspec/fontspec.cfg))) (/Users/Indurekha/Library/TinyTeX/texmf-dist/tex/latex/base/fix-cm.sty
Package: fix-cm 2020/11/24 v1.1t fixes to LaTeX
(/Users/Indurekha/Library/TinyTeX/texmf-dist/tex/latex/base/ts1enc.def
File: ts1enc.def 2001/06/05 v3.0e (jk/car/fm) Standard LaTeX file
LaTeX Font Info:    Redeclaring font encoding TS1 on input line 47.
))
\g__um_fam_int=\count283
\g__um_fonts_used_int=\count284
\l__um_primecount_int=\count285
\g__um_primekern_muskip=\muskip17
(/Users/Indurekha/Library/TinyTeX/texmf-dist/tex/latex/unicode-math/unicode-math-table.tex))) (/Users/Indurekha/Library/TinyTeX/texmf-dist/tex/latex/xcolor/xcolor.sty
Package: xcolor 2022/06/12 v2.14 LaTeX color extensions (UK)
(/Users/Indurekha/Library/TinyTeX/texmf-dist/tex/latex/graphics-cfg/color.cfg
File: color.cfg 2016/01/02 v1.6 sample color configuration
)
Package xcolor Info: Driver file: xetex.def on input line 227.
(/Users/Indurekha/Library/TinyTeX/texmf-dist/tex/latex/graphics-def/xetex.def
File: xetex.def 2022/04/16 v5.0m Graphics/color driver for xetex
) (/Users/Indurekha/Library/TinyTeX/texmf-dist/tex/latex/graphics/mathcolor.ltx)
Package xcolor Info: Model `cmy' substituted by `cmy0' on input line 1353.
Package xcolor Info: Model `RGB' extended on input line 1369.
Package xcolor Info: Model `HTML' substituted by `rgb' on input line 1371.
Package xcolor Info: Model `Hsb' substituted by `hsb' on input line 1372.
Package xcolor Info: Model `tHsb' substituted by `hsb' on input line 1373.
Package xcolor Info: Model `HSB' substituted by `hsb' on input line 1374.
Package xcolor Info: Model `Gray' substituted by `gray' on input line 1375.
Package xcolor Info: Model `wave' substituted by `hsb' on input line 1376.
) (/Users/Indurekha/Library/TinyTeX/texmf-dist/tex/latex/tools/longtable.sty
Package: longtable 2021-09-01 v4.17 Multi-page Table package (DPC)
\LTleft=\skip52
\LTright=\skip53
\LTpre=\skip54
\LTpost=\skip55
\LTchunksize=\count286
\LTcapwidth=\dimen151
\LT@head=\box54
\LT@firsthead=\box55
\LT@foot=\box56
\LT@lastfoot=\box57
\LT@gbox=\box58
\LT@cols=\count287
\LT@rows=\count288
\c@LT@tables=\count289
\c@LT@chunks=\count290
\LT@p@ftn=\toks21
) (/Users/Indurekha/Library/TinyTeX/texmf-dist/tex/latex/booktabs/booktabs.sty
Package: booktabs 2020/01/12 v1.61803398 Publication quality tables
\heavyrulewidth=\dimen152
\lightrulewidth=\dimen153
\cmidrulewidth=\dimen154
\belowrulesep=\dimen155
\belowbottomsep=\dimen156
\aboverulesep=\dimen157
\abovetopsep=\dimen158
\cmidrulesep=\dimen159
\cmidrulekern=\dimen160
\defaultaddspace=\dimen161
\@cmidla=\count291
\@cmidlb=\count292
\@aboverulesep=\dimen162
\@belowrulesep=\dimen163
\@thisruleclass=\count293
\@lastruleclass=\count294
\@thisrulewidth=\dimen164
) (/Users/Indurekha/Library/TinyTeX/texmf-dist/tex/latex/tools/array.sty
Package: array 2022/03/10 v2.5f Tabular extension package (FMi)
\col@sep=\dimen165
\ar@mcellbox=\box59
\extrarowheight=\dimen166
\NC@list=\toks22
\extratabsurround=\skip56
\backup@length=\skip57
\ar@cellbox=\box60
) (/Users/Indurekha/Library/TinyTeX/texmf-dist/tex/latex/tools/calc.sty
Package: calc 2017/05/25 v4.3 Infix arithmetic (KKT,FJ)
\calc@Acount=\count295
\calc@Bcount=\count296
\calc@Adimen=\dimen167
\calc@Bdimen=\dimen168
\calc@Askip=\skip58
\calc@Bskip=\skip59
LaTeX Info: Redefining \setlength on input line 80.
LaTeX Info: Redefining \addtolength on input line 81.
\calc@Ccount=\count297
\calc@Cskip=\skip60
) (/Users/Indurekha/Library/TinyTeX/texmf-dist/tex/latex/etoolbox/etoolbox.sty
Package: etoolbox 2020/10/05 v2.5k e-TeX tools for LaTeX (JAW)
\etb@tempcnta=\count298
) (/Users/Indurekha/Library/TinyTeX/texmf-dist/tex/latex/mdwtools/footnote.sty
Package: footnote 1997/01/28 1.13 Save footnotes around boxes
\fn@notes=\box61
\fn@width=\dimen169
) (/Users/Indurekha/Library/TinyTeX/texmf-dist/tex/latex/graphics/graphicx.sty
Package: graphicx 2021/09/16 v1.2d Enhanced LaTeX Graphics (DPC,SPQR)
(/Users/Indurekha/Library/TinyTeX/texmf-dist/tex/latex/graphics/keyval.sty
Package: keyval 2022/05/29 v1.15 key=value parser (DPC)
\KV@toks@=\toks23
) (/Users/Indurekha/Library/TinyTeX/texmf-dist/tex/latex/graphics/graphics.sty
Package: graphics 2022/03/10 v1.4e Standard LaTeX Graphics (DPC,SPQR)
(/Users/Indurekha/Library/TinyTeX/texmf-dist/tex/latex/graphics/trig.sty
Package: trig 2021/08/11 v1.11 sin cos tan (DPC)
) (/Users/Indurekha/Library/TinyTeX/texmf-dist/tex/latex/graphics-cfg/graphics.cfg
File: graphics.cfg 2016/06/04 v1.11 sample graphics configuration
)
Package graphics Info: Driver file: xetex.def on input line 107.
)
\Gin@req@height=\dimen170
\Gin@req@width=\dimen171
) (/Users/Indurekha/Library/TinyTeX/texmf-dist/tex/latex/multirow/multirow.sty
Package: multirow 2021/03/15 v2.8 Span multiple rows of a table
\multirow@colwidth=\skip61
\multirow@cntb=\count299
\multirow@dima=\skip62
\bigstrutjot=\dimen172
) (/Users/Indurekha/Library/TinyTeX/texmf-dist/tex/latex/wrapfig/wrapfig.sty
\wrapoverhang=\dimen173
\WF@size=\dimen174
\c@WF@wrappedlines=\count300
\WF@box=\box62
\WF@everypar=\toks24
Package: wrapfig 2003/01/31  v 3.6
) (/Users/Indurekha/Library/TinyTeX/texmf-dist/tex/latex/float/float.sty
Package: float 2001/11/08 v1.3d Float enhancements (AL)
\c@float@type=\count301
\float@exts=\toks25
\float@box=\box63
\@float@everytoks=\toks26
\@floatcapt=\box64
) (/Users/Indurekha/Library/TinyTeX/texmf-dist/tex/latex/colortbl/colortbl.sty
Package: colortbl 2020/01/04 v1.0e Color table columns (DPC)
\everycr=\toks27
\minrowclearance=\skip63
) (/Users/Indurekha/Library/TinyTeX/texmf-dist/tex/latex/pdflscape/pdflscape.sty
Package: pdflscape 2019/12/05 v0.12 Display of landscape pages in PDF (HO)
(/Users/Indurekha/Library/TinyTeX/texmf-dist/tex/latex/graphics/lscape.sty
Package: lscape 2020/05/28 v3.02 Landscape Pages (DPC)
)
Package pdflscape Info: Auto-detected driver: dvipdfm (xetex) on input line 98.
(/Users/Indurekha/Library/TinyTeX/texmf-dist/tex/latex/base/atbegshi-ltx.sty
Package: atbegshi-ltx 2021/01/10 v1.0c Emulation of the original atbegshi
package with kernel methods
)) (/Users/Indurekha/Library/TinyTeX/texmf-dist/tex/latex/tabu/tabu.sty
Package: tabu 2019/01/11 v2.9 - flexible LaTeX tabulars (FC+tabu-fixed)
(/Users/Indurekha/Library/TinyTeX/texmf-dist/tex/latex/varwidth/varwidth.sty
Package: varwidth 2009/03/30 ver 0.92;  Variable-width minipages
\@vwid@box=\box65
\sift@deathcycles=\count302
\@vwid@loff=\dimen175
\@vwid@roff=\dimen176
)
\c@taburow=\count303
\tabu@nbcols=\count304
\tabu@cnt=\count305
\tabu@Xcol=\count306
\tabu@alloc=\count307
\tabu@nested=\count308
\tabu@target=\dimen177
\tabu@spreadtarget=\dimen178
\tabu@naturalX=\dimen179
\tabucolX=\dimen180
\tabu@Xsum=\dimen181
\extrarowdepth=\dimen182
\abovetabulinesep=\dimen183
\belowtabulinesep=\dimen184
\tabustrutrule=\dimen185
\tabu@thebody=\toks28
\tabu@footnotes=\toks29
\tabu@box=\box66
\tabu@arstrutbox=\box67
\tabu@hleads=\box68
\tabu@vleads=\box69
\tabu@cellskip=\skip64
) (/Users/Indurekha/Library/TinyTeX/texmf-dist/tex/latex/threeparttable/threeparttable.sty
Package: threeparttable 2003/06/13  v 3.0
\@tempboxb=\box70
) (/Users/Indurekha/Library/TinyTeX/texmf-dist/tex/latex/threeparttablex/threeparttablex.sty
Package: threeparttablex 2013/07/23 v0.3 by daleif
(/Users/Indurekha/Library/TinyTeX/texmf-dist/tex/latex/environ/environ.sty
Package: environ 2014/05/04 v0.3 A new way to define environments
(/Users/Indurekha/Library/TinyTeX/texmf-dist/tex/latex/trimspaces/trimspaces.sty
Package: trimspaces 2009/09/17 v1.1 Trim spaces around a token list
))
\TPTL@width=\skip65
) (/Users/Indurekha/Library/TinyTeX/texmf-dist/tex/generic/ulem/ulem.sty
\UL@box=\box71
\UL@hyphenbox=\box72
\UL@skip=\skip66
\UL@hook=\toks30
\UL@height=\dimen186
\UL@pe=\count309
\UL@pixel=\dimen187
\ULC@box=\box73
Package: ulem 2019/11/18
\ULdepth=\dimen188
) (/Users/Indurekha/Library/TinyTeX/texmf-dist/tex/latex/makecell/makecell.sty
Package: makecell 2009/08/03 V0.1e Managing of Tab Column Heads and Cells
\rotheadsize=\dimen189
\c@nlinenum=\count310
\TeXr@lab=\toks31
) (/Users/Indurekha/Library/TinyTeX/texmf-dist/tex/latex/natbib/natbib.sty
Package: natbib 2010/09/13 8.31b (PWD, AO)
\bibhang=\skip67
\bibsep=\skip68
LaTeX Info: Redefining \cite on input line 694.
\c@NAT@ctr=\count311
) (/Users/Indurekha/Library/TinyTeX/texmf-dist/tex/latex/hyperref/hyperref.sty
Package: hyperref 2022-06-20 v7.00s Hypertext links for LaTeX
(/Users/Indurekha/Library/TinyTeX/texmf-dist/tex/generic/ltxcmds/ltxcmds.sty
Package: ltxcmds 2020-05-10 v1.25 LaTeX kernel commands for general use (HO)
) (/Users/Indurekha/Library/TinyTeX/texmf-dist/tex/generic/pdftexcmds/pdftexcmds.sty
Package: pdftexcmds 2020-06-27 v0.33 Utility functions of pdfTeX for LuaTeX (HO)
(/Users/Indurekha/Library/TinyTeX/texmf-dist/tex/generic/infwarerr/infwarerr.sty
Package: infwarerr 2019/12/03 v1.5 Providing info/warning/error messages (HO)
)
Package pdftexcmds Info: \pdf@primitive is available.
Package pdftexcmds Info: \pdf@ifprimitive is available.
Package pdftexcmds Info: \pdfdraftmode not found.
) (/Users/Indurekha/Library/TinyTeX/texmf-dist/tex/generic/kvsetkeys/kvsetkeys.sty
Package: kvsetkeys 2019/12/15 v1.18 Key value parser (HO)
) (/Users/Indurekha/Library/TinyTeX/texmf-dist/tex/generic/kvdefinekeys/kvdefinekeys.sty
Package: kvdefinekeys 2019-12-19 v1.6 Define keys (HO)
) (/Users/Indurekha/Library/TinyTeX/texmf-dist/tex/generic/pdfescape/pdfescape.sty
Package: pdfescape 2019/12/09 v1.15 Implements pdfTeX's escape features (HO)
) (/Users/Indurekha/Library/TinyTeX/texmf-dist/tex/latex/hycolor/hycolor.sty
Package: hycolor 2020-01-27 v1.10 Color options for hyperref/bookmark (HO)
) (/Users/Indurekha/Library/TinyTeX/texmf-dist/tex/latex/letltxmacro/letltxmacro.sty
Package: letltxmacro 2019/12/03 v1.6 Let assignment for LaTeX macros (HO)
) (/Users/Indurekha/Library/TinyTeX/texmf-dist/tex/latex/auxhook/auxhook.sty
Package: auxhook 2019-12-17 v1.6 Hooks for auxiliary files (HO)
) (/Users/Indurekha/Library/TinyTeX/texmf-dist/tex/latex/hyperref/nameref.sty
Package: nameref 2022-05-17 v2.50 Cross-referencing by name of section
(/Users/Indurekha/Library/TinyTeX/texmf-dist/tex/latex/refcount/refcount.sty
Package: refcount 2019/12/15 v3.6 Data extraction from label references (HO)
) (/Users/Indurekha/Library/TinyTeX/texmf-dist/tex/generic/gettitlestring/gettitlestring.sty
Package: gettitlestring 2019/12/15 v1.6 Cleanup title references (HO)
(/Users/Indurekha/Library/TinyTeX/texmf-dist/tex/latex/kvoptions/kvoptions.sty
Package: kvoptions 2022-06-15 v3.15 Key value format for package options (HO)
))
\c@section@level=\count312
)
\@linkdim=\dimen190
\Hy@linkcounter=\count313
\Hy@pagecounter=\count314
(/Users/Indurekha/Library/TinyTeX/texmf-dist/tex/latex/hyperref/pd1enc.def
File: pd1enc.def 2022-06-20 v7.00s Hyperref: PDFDocEncoding definition (HO)
) (/Users/Indurekha/Library/TinyTeX/texmf-dist/tex/generic/intcalc/intcalc.sty
Package: intcalc 2019/12/15 v1.3 Expandable calculations with integers (HO)
) (/Users/Indurekha/Library/TinyTeX/texmf-dist/tex/generic/etexcmds/etexcmds.sty
Package: etexcmds 2019/12/15 v1.7 Avoid name clashes with e-TeX commands (HO)
)
\Hy@SavedSpaceFactor=\count315
(/Users/Indurekha/Library/TinyTeX/texmf-dist/tex/latex/hyperref/puenc.def
File: puenc.def 2022-06-20 v7.00s Hyperref: PDF Unicode definition (HO)
)
Package hyperref Info: Option `unicode' set `true' on input line 4045.
Package hyperref Info: Hyper figures OFF on input line 4162.
Package hyperref Info: Link nesting OFF on input line 4167.
Package hyperref Info: Hyper index ON on input line 4170.
Package hyperref Info: Plain pages OFF on input line 4177.
Package hyperref Info: Backreferencing OFF on input line 4182.
Package hyperref Info: Implicit mode ON; LaTeX internals redefined.
Package hyperref Info: Bookmarks ON on input line 4408.
\c@Hy@tempcnt=\count316
(/Users/Indurekha/Library/TinyTeX/texmf-dist/tex/latex/url/url.sty
\Urlmuskip=\muskip18
Package: url 2013/09/16  ver 3.4  Verb mode for urls, etc.
)
LaTeX Info: Redefining \url on input line 4746.
\XeTeXLinkMargin=\dimen191
(/Users/Indurekha/Library/TinyTeX/texmf-dist/tex/generic/bitset/bitset.sty
Package: bitset 2019/12/09 v1.3 Handle bit-vector datatype (HO)
(/Users/Indurekha/Library/TinyTeX/texmf-dist/tex/generic/bigintcalc/bigintcalc.sty
Package: bigintcalc 2019/12/15 v1.5 Expandable calculations on big integers (HO)
))
\Fld@menulength=\count317
\Field@Width=\dimen192
\Fld@charsize=\dimen193
Package hyperref Info: Hyper figures OFF on input line 6024.
Package hyperref Info: Link nesting OFF on input line 6029.
Package hyperref Info: Hyper index ON on input line 6032.
Package hyperref Info: backreferencing OFF on input line 6039.
Package hyperref Info: Link coloring OFF on input line 6044.
Package hyperref Info: Link coloring with OCG OFF on input line 6049.
Package hyperref Info: PDF/A mode OFF on input line 6054.
\Hy@abspage=\count318
\c@Item=\count319
\c@Hfootnote=\count320
)
Package hyperref Info: Driver (autodetected): hxetex.
(/Users/Indurekha/Library/TinyTeX/texmf-dist/tex/latex/hyperref/hxetex.def
File: hxetex.def 2022-06-20 v7.00s Hyperref driver for XeTeX
(/Users/Indurekha/Library/TinyTeX/texmf-dist/tex/generic/stringenc/stringenc.sty
Package: stringenc 2019/11/29 v1.12 Convert strings between diff. encodings (HO)
)
\pdfm@box=\box74
\c@Hy@AnnotLevel=\count321
\HyField@AnnotCount=\count322
\Fld@listcount=\count323
\c@bookmark@seq@number=\count324
(/Users/Indurekha/Library/TinyTeX/texmf-dist/tex/latex/rerunfilecheck/rerunfilecheck.sty
Package: rerunfilecheck 2022-07-10 v1.10 Rerun checks for auxiliary files (HO)
(/Users/Indurekha/Library/TinyTeX/texmf-dist/tex/latex/base/atveryend-ltx.sty
Package: atveryend-ltx 2020/08/19 v1.0a Emulation of the original atveryend package
with kernel methods
) (/Users/Indurekha/Library/TinyTeX/texmf-dist/tex/generic/uniquecounter/uniquecounter.sty
Package: uniquecounter 2019/12/15 v1.4 Provide unlimited unique counter (HO)
)
Package uniquecounter Info: New unique counter `rerunfilecheck' on input line 285.
)
\Hy@SectionHShift=\skip69
)
No file _main.aux.
\openout1 = `_main.aux'.

LaTeX Font Info:    Checking defaults for OML/cmm/m/it on input line 95.
LaTeX Font Info:    ... okay on input line 95.
LaTeX Font Info:    Checking defaults for OMS/cmsy/m/n on input line 95.
LaTeX Font Info:    ... okay on input line 95.
LaTeX Font Info:    Checking defaults for OT1/cmr/m/n on input line 95.
LaTeX Font Info:    ... okay on input line 95.
LaTeX Font Info:    Checking defaults for T1/cmr/m/n on input line 95.
LaTeX Font Info:    ... okay on input line 95.
LaTeX Font Info:    Checking defaults for TS1/cmr/m/n on input line 95.
LaTeX Font Info:    ... okay on input line 95.
LaTeX Font Info:    Checking defaults for TU/lmr/m/n on input line 95.
LaTeX Font Info:    ... okay on input line 95.
LaTeX Font Info:    Checking defaults for OMX/cmex/m/n on input line 95.
LaTeX Font Info:    ... okay on input line 95.
LaTeX Font Info:    Checking defaults for U/cmr/m/n on input line 95.
LaTeX Font Info:    ... okay on input line 95.
LaTeX Font Info:    Checking defaults for PD1/pdf/m/n on input line 95.
LaTeX Font Info:    ... okay on input line 95.
LaTeX Font Info:    Checking defaults for PU/pdf/m/n on input line 95.
LaTeX Font Info:    ... okay on input line 95.
LaTeX Font Info:    Overwriting math alphabet `\mathrm' in version `normal'
(Font)                  OT1/lmr/m/n --> TU/lmr/m/n on input line 95.
LaTeX Font Info:    Overwriting math alphabet `\mathit' in version `normal'
(Font)                  OT1/lmr/m/it --> TU/lmr/m/it on input line 95.
LaTeX Font Info:    Overwriting math alphabet `\mathbf' in version `normal'
(Font)                  OT1/lmr/bx/n --> TU/lmr/bx/n on input line 95.
LaTeX Font Info:    Overwriting math alphabet `\mathsf' in version `normal'
(Font)                  OT1/lmss/m/n --> TU/lmss/m/n on input line 95.
LaTeX Font Info:    Overwriting math alphabet `\mathsf' in version `bold'
(Font)                  OT1/lmss/bx/n --> TU/lmss/bx/n on input line 95.
LaTeX Font Info:    Overwriting math alphabet `\mathtt' in version `normal'
(Font)                  OT1/lmtt/m/n --> TU/lmtt/m/n on input line 95.
LaTeX Font Info:    Overwriting math alphabet `\mathtt' in version `bold'
(Font)                  OT1/lmtt/m/n --> TU/lmtt/bx/n on input line 95.

Package fontspec Info: latinmodern-math scale = 0.9999964596882403.


Package fontspec Info: latinmodern-math scale = 0.9999964596882403.


Package fontspec Info: latinmodern-math scale = 0.9999964596882403.


Package fontspec Info: Font family 'latinmodern-math.otf(0)' created for font
(fontspec)             'latinmodern-math.otf' with options
(fontspec)             [Scale=MatchLowercase,BoldItalicFont={},ItalicFont={},SmallCapsFont={},Script=Math,BoldFont={latinmodern-math.otf}].
(fontspec)              
(fontspec)              This font family consists of the following NFSS
(fontspec)             series/shapes:
(fontspec)              
(fontspec)             - 'normal' (m/n) with NFSS spec.:
(fontspec)             <->s*[0.9999964596882403]"[latinmodern-math.otf]/OT:script=math;language=dflt;"
(fontspec)             - 'small caps'  (m/sc) with NFSS spec.: 
(fontspec)             - 'bold' (b/n) with NFSS spec.:
(fontspec)             <->s*[0.9999964596882403]"[latinmodern-math.otf]/OT:script=math;language=dflt;"
(fontspec)             - 'bold small caps'  (b/sc) with NFSS spec.: 

LaTeX Font Info:    Font shape `TU/latinmodern-math.otf(0)/m/n' will be
(Font)              scaled to size 10.0pt on input line 95.

Package fontspec Info: latinmodern-math scale = 0.9999964596882403.


Package fontspec Info: latinmodern-math scale = 0.9999964596882403.


Package fontspec Info: latinmodern-math scale = 0.9999964596882403.


Package fontspec Info: latinmodern-math scale = 0.9999964596882403.


Package fontspec Info: latinmodern-math scale = 0.9999964596882403.


Package fontspec Info: Font family 'latinmodern-math.otf(1)' created for font
(fontspec)             'latinmodern-math.otf' with options
(fontspec)             [Scale=MatchLowercase,BoldItalicFont={},ItalicFont={},SmallCapsFont={},Script=Math,SizeFeatures={{Size=8.5-},{Size=6-8.5,Font=latinmodern-math.otf,Style=MathScript},{Size=-6,Font=latinmodern-math.otf,Style=MathScriptScript}},BoldFont={latinmodern-math.otf}].
(fontspec)              
(fontspec)              This font family consists of the following NFSS
(fontspec)             series/shapes:
(fontspec)              
(fontspec)             - 'normal' (m/n) with NFSS spec.:
(fontspec)             <8.5->s*[0.9999964596882403]"[latinmodern-math.otf]/OT:script=math;language=dflt;"<6-8.5>s*[0.9999964596882403]"[latinmodern-math.otf]/OT:script=math;language=dflt;+ssty=0;"<-6>s*[0.9999964596882403]"[latinmodern-math.otf]/OT:script=math;language=dflt;+ssty=1;"
(fontspec)             - 'small caps'  (m/sc) with NFSS spec.: 
(fontspec)             - 'bold' (b/n) with NFSS spec.:
(fontspec)             <->s*[0.9999964596882403]"[latinmodern-math.otf]/OT:script=math;language=dflt;"
(fontspec)             - 'bold small caps'  (b/sc) with NFSS spec.: 

LaTeX Font Info:    Font shape `TU/latinmodern-math.otf(1)/m/n' will be
(Font)              scaled to size 10.0pt on input line 95.
LaTeX Font Info:    Encoding `OT1' has changed to `TU' for symbol font
(Font)              `operators' in the math version `normal' on input line 95.
LaTeX Font Info:    Overwriting symbol font `operators' in version `normal'
(Font)                  OT1/lmr/m/n --> TU/latinmodern-math.otf(1)/m/n on input line 95.
LaTeX Font Info:    Encoding `OT1' has changed to `TU' for symbol font
(Font)              `operators' in the math version `bold' on input line 95.
LaTeX Font Info:    Overwriting symbol font `operators' in version `bold'
(Font)                  OT1/lmr/bx/n --> TU/latinmodern-math.otf(1)/b/n on input line 95.

Package fontspec Info: latinmodern-math scale = 0.9999964596882403.


Package fontspec Info: latinmodern-math scale = 1.000096459334209.


Package fontspec Info: latinmodern-math scale = 0.9999964596882403.


Package fontspec Info: latinmodern-math scale = 1.000096459334209.


Package fontspec Info: latinmodern-math scale = 0.9999964596882403.


Package fontspec Info: latinmodern-math scale = 1.000096459334209.


Package fontspec Info: latinmodern-math scale = 0.9999964596882403.


Package fontspec Info: latinmodern-math scale = 1.000096459334209.


Package fontspec Info: latinmodern-math scale = 0.9999964596882403.


Package fontspec Info: latinmodern-math scale = 1.000096459334209.


Package fontspec Info: Font family 'latinmodern-math.otf(2)' created for font
(fontspec)             'latinmodern-math.otf' with options
(fontspec)             [Scale=MatchLowercase,BoldItalicFont={},ItalicFont={},SmallCapsFont={},Script=Math,SizeFeatures={{Size=8.5-},{Size=6-8.5,Font=latinmodern-math.otf,Style=MathScript},{Size=-6,Font=latinmodern-math.otf,Style=MathScriptScript}},BoldFont={latinmodern-math.otf},ScaleAgain=1.0001,FontAdjustment={\fontdimen
(fontspec)             8\font =6.77pt\relax \fontdimen 9\font =3.94pt\relax
(fontspec)             \fontdimen 10\font =4.44pt\relax \fontdimen 11\font
(fontspec)             =6.86pt\relax \fontdimen 12\font =3.45pt\relax
(fontspec)             \fontdimen 13\font =3.63pt\relax \fontdimen 14\font
(fontspec)             =3.63pt\relax \fontdimen 15\font =2.89pt\relax
(fontspec)             \fontdimen 16\font =2.47pt\relax \fontdimen 17\font
(fontspec)             =2.47pt\relax \fontdimen 18\font =2.5pt\relax
(fontspec)             \fontdimen 19\font =2.0pt\relax \fontdimen 22\font
(fontspec)             =2.5pt\relax \fontdimen 20\font =0pt\relax \fontdimen
(fontspec)             21\font =0pt\relax }].
(fontspec)              
(fontspec)              This font family consists of the following NFSS
(fontspec)             series/shapes:
(fontspec)              
(fontspec)             - 'normal' (m/n) with NFSS spec.:
(fontspec)             <8.5->s*[1.000096459334209]"[latinmodern-math.otf]/OT:script=math;language=dflt;"<6-8.5>s*[1.000096459334209]"[latinmodern-math.otf]/OT:script=math;language=dflt;+ssty=0;"<-6>s*[1.000096459334209]"[latinmodern-math.otf]/OT:script=math;language=dflt;+ssty=1;"
(fontspec)             - 'small caps'  (m/sc) with NFSS spec.: 
(fontspec)             and font adjustment code:
(fontspec)             \fontdimen 8\font =6.77pt\relax \fontdimen 9\font
(fontspec)             =3.94pt\relax \fontdimen 10\font =4.44pt\relax
(fontspec)             \fontdimen 11\font =6.86pt\relax \fontdimen 12\font
(fontspec)             =3.45pt\relax \fontdimen 13\font =3.63pt\relax
(fontspec)             \fontdimen 14\font =3.63pt\relax \fontdimen 15\font
(fontspec)             =2.89pt\relax \fontdimen 16\font =2.47pt\relax
(fontspec)             \fontdimen 17\font =2.47pt\relax \fontdimen 18\font
(fontspec)             =2.5pt\relax \fontdimen 19\font =2.0pt\relax \fontdimen
(fontspec)             22\font =2.5pt\relax \fontdimen 20\font =0pt\relax
(fontspec)             \fontdimen 21\font =0pt\relax 
(fontspec)             - 'bold' (b/n) with NFSS spec.:
(fontspec)             <->s*[1.000096459334209]"[latinmodern-math.otf]/OT:script=math;language=dflt;"
(fontspec)             - 'bold small caps'  (b/sc) with NFSS spec.: 
(fontspec)             and font adjustment code:
(fontspec)             \fontdimen 8\font =6.77pt\relax \fontdimen 9\font
(fontspec)             =3.94pt\relax \fontdimen 10\font =4.44pt\relax
(fontspec)             \fontdimen 11\font =6.86pt\relax \fontdimen 12\font
(fontspec)             =3.45pt\relax \fontdimen 13\font =3.63pt\relax
(fontspec)             \fontdimen 14\font =3.63pt\relax \fontdimen 15\font
(fontspec)             =2.89pt\relax \fontdimen 16\font =2.47pt\relax
(fontspec)             \fontdimen 17\font =2.47pt\relax \fontdimen 18\font
(fontspec)             =2.5pt\relax \fontdimen 19\font =2.0pt\relax \fontdimen
(fontspec)             22\font =2.5pt\relax \fontdimen 20\font =0pt\relax
(fontspec)             \fontdimen 21\font =0pt\relax 

LaTeX Font Info:    Encoding `OMS' has changed to `TU' for symbol font
(Font)              `symbols' in the math version `normal' on input line 95.
LaTeX Font Info:    Overwriting symbol font `symbols' in version `normal'
(Font)                  OMS/lmsy/m/n --> TU/latinmodern-math.otf(2)/m/n on input line 95.
LaTeX Font Info:    Encoding `OMS' has changed to `TU' for symbol font
(Font)              `symbols' in the math version `bold' on input line 95.
LaTeX Font Info:    Overwriting symbol font `symbols' in version `bold'
(Font)                  OMS/lmsy/b/n --> TU/latinmodern-math.otf(2)/b/n on input line 95.

Package fontspec Info: latinmodern-math scale = 0.9999964596882403.


Package fontspec Info: latinmodern-math scale = 0.9998964600422715.


Package fontspec Info: latinmodern-math scale = 0.9999964596882403.


Package fontspec Info: latinmodern-math scale = 0.9998964600422715.


Package fontspec Info: latinmodern-math scale = 0.9999964596882403.


Package fontspec Info: latinmodern-math scale = 0.9998964600422715.


Package fontspec Info: latinmodern-math scale = 0.9999964596882403.


Package fontspec Info: latinmodern-math scale = 0.9998964600422715.


Package fontspec Info: latinmodern-math scale = 0.9999964596882403.


Package fontspec Info: latinmodern-math scale = 0.9998964600422715.


Package fontspec Info: Font family 'latinmodern-math.otf(3)' created for font
(fontspec)             'latinmodern-math.otf' with options
(fontspec)             [Scale=MatchLowercase,BoldItalicFont={},ItalicFont={},SmallCapsFont={},Script=Math,SizeFeatures={{Size=8.5-},{Size=6-8.5,Font=latinmodern-math.otf,Style=MathScript},{Size=-6,Font=latinmodern-math.otf,Style=MathScriptScript}},BoldFont={latinmodern-math.otf},ScaleAgain=0.9999,FontAdjustment={\fontdimen
(fontspec)             8\font =0.4pt\relax \fontdimen 9\font =2.0pt\relax
(fontspec)             \fontdimen 10\font =1.67pt\relax \fontdimen 11\font
(fontspec)             =1.11pt\relax \fontdimen 12\font =6.0pt\relax
(fontspec)             \fontdimen 13\font =0pt\relax }].
(fontspec)              
(fontspec)              This font family consists of the following NFSS
(fontspec)             series/shapes:
(fontspec)              
(fontspec)             - 'normal' (m/n) with NFSS spec.:
(fontspec)             <8.5->s*[0.9998964600422715]"[latinmodern-math.otf]/OT:script=math;language=dflt;"<6-8.5>s*[0.9998964600422715]"[latinmodern-math.otf]/OT:script=math;language=dflt;+ssty=0;"<-6>s*[0.9998964600422715]"[latinmodern-math.otf]/OT:script=math;language=dflt;+ssty=1;"
(fontspec)             - 'small caps'  (m/sc) with NFSS spec.: 
(fontspec)             and font adjustment code:
(fontspec)             \fontdimen 8\font =0.4pt\relax \fontdimen 9\font
(fontspec)             =2.0pt\relax \fontdimen 10\font =1.67pt\relax
(fontspec)             \fontdimen 11\font =1.11pt\relax \fontdimen 12\font
(fontspec)             =6.0pt\relax \fontdimen 13\font =0pt\relax 
(fontspec)             - 'bold' (b/n) with NFSS spec.:
(fontspec)             <->s*[0.9998964600422715]"[latinmodern-math.otf]/OT:script=math;language=dflt;"
(fontspec)             - 'bold small caps'  (b/sc) with NFSS spec.: 
(fontspec)             and font adjustment code:
(fontspec)             \fontdimen 8\font =0.4pt\relax \fontdimen 9\font
(fontspec)             =2.0pt\relax \fontdimen 10\font =1.67pt\relax
(fontspec)             \fontdimen 11\font =1.11pt\relax \fontdimen 12\font
(fontspec)             =6.0pt\relax \fontdimen 13\font =0pt\relax 

LaTeX Font Info:    Encoding `OMX' has changed to `TU' for symbol font
(Font)              `largesymbols' in the math version `normal' on input line 95.
LaTeX Font Info:    Overwriting symbol font `largesymbols' in version `normal'
(Font)                  OMX/lmex/m/n --> TU/latinmodern-math.otf(3)/m/n on input line 95.
LaTeX Font Info:    Encoding `OMX' has changed to `TU' for symbol font
(Font)              `largesymbols' in the math version `bold' on input line 95.
LaTeX Font Info:    Overwriting symbol font `largesymbols' in version `bold'
(Font)                  OMX/lmex/m/n --> TU/latinmodern-math.otf(3)/b/n on input line 95.
Package hyperref Info: Link coloring OFF on input line 95.
\@outlinefile=\write3
\openout3 = `_main.out'.


Package hyperref Warning: Rerun to get /PageLabels entry.

LaTeX Font Info:    Font shape `TU/latinmodern-math.otf(1)/m/n' will be
(Font)              scaled to size 12.0pt on input line 97.
LaTeX Font Info:    Font shape `TU/latinmodern-math.otf(1)/m/n' will be
(Font)              scaled to size 8.0pt on input line 97.
LaTeX Font Info:    Font shape `TU/latinmodern-math.otf(1)/m/n' will be
(Font)              scaled to size 6.0pt on input line 97.
LaTeX Font Info:    Trying to load font information for OML+lmm on input line 97.
(/Users/Indurekha/Library/TinyTeX/texmf-dist/tex/latex/lm/omllmm.fd
File: omllmm.fd 2015/05/01 v1.6.1 Font defs for Latin Modern
)
LaTeX Font Info:    Font shape `TU/latinmodern-math.otf(2)/m/n' will be
(Font)              scaled to size 12.0011pt on input line 97.
LaTeX Font Info:    Font shape `TU/latinmodern-math.otf(2)/m/n' will be
(Font)              scaled to size 8.00073pt on input line 97.
LaTeX Font Info:    Font shape `TU/latinmodern-math.otf(2)/m/n' will be
(Font)              scaled to size 6.00055pt on input line 97.
LaTeX Font Info:    Font shape `TU/latinmodern-math.otf(3)/m/n' will be
(Font)              scaled to size 11.99872pt on input line 97.
LaTeX Font Info:    Font shape `TU/latinmodern-math.otf(3)/m/n' will be
(Font)              scaled to size 7.99915pt on input line 97.
LaTeX Font Info:    Font shape `TU/latinmodern-math.otf(3)/m/n' will be
(Font)              scaled to size 5.99936pt on input line 97.
LaTeX Font Info:    Trying to load font information for U+msa on input line 97.
(/Users/Indurekha/Library/TinyTeX/texmf-dist/tex/latex/amsfonts/umsa.fd
File: umsa.fd 2013/01/14 v3.01 AMS symbols A
)
LaTeX Font Info:    Trying to load font information for U+msb on input line 97.
(/Users/Indurekha/Library/TinyTeX/texmf-dist/tex/latex/amsfonts/umsb.fd
File: umsb.fd 2013/01/14 v3.01 AMS symbols B
) [1


] [2

]
No file _main.toc.
\tf@toc=\write4
\openout4 = `_main.toc'.

[3] [4

]
LaTeX Font Info:    Font shape `TU/latinmodern-math.otf(1)/m/n' will be
(Font)              scaled to size 7.0pt on input line 112.
LaTeX Font Info:    Font shape `TU/latinmodern-math.otf(1)/m/n' will be
(Font)              scaled to size 5.0pt on input line 112.
LaTeX Font Info:    Font shape `TU/latinmodern-math.otf(2)/m/n' will be
(Font)              scaled to size 10.00092pt on input line 112.
LaTeX Font Info:    Font shape `TU/latinmodern-math.otf(2)/m/n' will be
(Font)              scaled to size 7.00064pt on input line 112.
LaTeX Font Info:    Font shape `TU/latinmodern-math.otf(2)/m/n' will be
(Font)              scaled to size 5.00046pt on input line 112.
LaTeX Font Info:    Font shape `TU/latinmodern-math.otf(3)/m/n' will be
(Font)              scaled to size 9.99893pt on input line 112.
LaTeX Font Info:    Font shape `TU/latinmodern-math.otf(3)/m/n' will be
(Font)              scaled to size 6.99925pt on input line 112.
LaTeX Font Info:    Font shape `TU/latinmodern-math.otf(3)/m/n' will be
(Font)              scaled to size 4.99947pt on input line 112.
[5]
Underfull \hbox (badness 1776) in paragraph at lines 182--184
[]\TU/lmr/bx/n/10 Ingo Ruczinski’s two-term course (Johns Hopkins)
 []


Underfull \hbox (badness 10000) in paragraph at lines 182--184
[]$[][][][] [] [] [] [][][] [] [][][][][][][] [] [][][][][] [] [][][] [] [][][][][][][][][] [] [][][][][][][][] [] [][][] [] [][][] [] [][][] []
 []


Underfull \hbox (badness 10000) in paragraph at lines 184--186
\TU/lmr/bx/n/10 University) []$[][][][] [] [] [] [][][] [] [][][][][][][][] [] [][][][][][] [] [][] [] [][][][][][][][][][][][] []
 []


Underfull \hbox (badness 10000) in paragraph at lines 193--195

 []

[6]
Chapter 1.
File: ./1_9.png Graphic file (type bmp)
<./1_9.png>
[7

]
File: ./1_11.png Graphic file (type bmp)
<./1_11.png>
File: ./1_13.png Graphic file (type bmp)
<./1_13.png>
[8]
File: ./1_16.png Graphic file (type bmp)
<./1_16.png>

Underfull \vbox (badness 10000) has occurred while \output is active []

[9]
Underfull \hbox (badness 10000) in paragraph at lines 371--372

 []

[10]
File: ./1_23.png Graphic file (type bmp)
<./1_23.png>
File: ./1_24.png Graphic file (type bmp)
<./1_24.png>
[11]
Overfull \hbox (255.02pt too wide) in paragraph at lines 467--480
[][] 
 []

File: ./1_28.png Graphic file (type bmp)
<./1_28.png>

Overfull \hbox (236.20999pt too wide) in paragraph at lines 507--516
 [][] 
 []

[12]
File: ./1_31.png Graphic file (type bmp)
<./1_31.png>

Overfull \hbox (330.02998pt too wide) in paragraph at lines 543--554
 [][] 
 []

[13]
Overfull \hbox (330.02998pt too wide) in paragraph at lines 577--588
 [][] 
 []

File: ./1_36.png Graphic file (type bmp)
<./1_36.png>

Underfull \vbox (badness 1728) has occurred while \output is active []

[14] [15] [16]
File: ./1_48.png Graphic file (type bmp)
<./1_48.png>
[17] [18]
File: ./1_53.png Graphic file (type bmp)
<./1_53.png>
[19]
Underfull \hbox (badness 1442) in paragraph at lines 850--850
[]\TU/lmr/bx/n/12 Organizations supporting transparent reporting
 []

File: ./1_54a.png Graphic file (type bmp)
<./1_54a.png>
File: ./1_54b.png Graphic file (type bmp)
<./1_54b.png>
File: ./1_54c.png Graphic file (type bmp)
<./1_54c.png>
File: ./1_55.png Graphic file (type bmp)
<./1_55.png>
File: ./1_56.png Graphic file (type bmp)
<./1_56.png>
[20] [21] [22]
Chapter 2.
[23

]
File: ./2_6.png Graphic file (type bmp)
<./2_6.png>

Overfull \hbox (164.05844pt too wide) has occurred while \output is active
\TU/lmr/m/n/10 24 \TU/lmr/m/sl/10 CHAPTER 2.  LECTURE 2: TYPES OF VARIABLES, PROBABILITY AND PROBABILITY DISTRIBUTIONS
 []

[24] [25]
File: ./2_16.png Graphic file (type bmp)
<./2_16.png>

Overfull \hbox (64.95998pt too wide) in paragraph at lines 1098--1123
[][] 
 []


Overfull \hbox (164.05844pt too wide) has occurred while \output is active
\TU/lmr/m/n/10 26 \TU/lmr/m/sl/10 CHAPTER 2.  LECTURE 2: TYPES OF VARIABLES, PROBABILITY AND PROBABILITY DISTRIBUTIONS
 []

[26]
File: ./2_21a.png Graphic file (type bmp)
<./2_21a.png>
File: ./2_21b.png Graphic file (type bmp)
<./2_21b.png>

Overfull \hbox (2.23083pt too wide) in paragraph at lines 1196--1198
[] [] 
 []

[27]
File: ./2_22a.png Graphic file (type bmp)
<./2_22a.png>
File: ./2_22b.png Graphic file (type bmp)
<./2_22b.png>

Overfull \hbox (2.23083pt too wide) in paragraph at lines 1218--1220
[] [] 
 []


Overfull \hbox (164.05844pt too wide) has occurred while \output is active
\TU/lmr/m/n/10 28 \TU/lmr/m/sl/10 CHAPTER 2.  LECTURE 2: TYPES OF VARIABLES, PROBABILITY AND PROBABILITY DISTRIBUTIONS
 []

[28]
File: ./2_26.png Graphic file (type bmp)
<./2_26.png>
[29]
File: ./2_29.png Graphic file (type bmp)
<./2_29.png>

Overfull \hbox (164.05844pt too wide) has occurred while \output is active
\TU/lmr/m/n/10 30 \TU/lmr/m/sl/10 CHAPTER 2.  LECTURE 2: TYPES OF VARIABLES, PROBABILITY AND PROBABILITY DISTRIBUTIONS
 []

[30]
File: ./2_33.png Graphic file (type bmp)
<./2_33.png>
File: ./2_34.png Graphic file (type bmp)
<./2_34.png>

Underfull \vbox (badness 3792) has occurred while \output is active []

[31]
Overfull \hbox (164.05844pt too wide) has occurred while \output is active
\TU/lmr/m/n/10 32 \TU/lmr/m/sl/10 CHAPTER 2.  LECTURE 2: TYPES OF VARIABLES, PROBABILITY AND PROBABILITY DISTRIBUTIONS
 []

[32]
Overfull \hbox (20.21pt too wide) in paragraph at lines 1436--1453
[] 
 []


Overfull \hbox (96.20999pt too wide) in paragraph at lines 1479--1492
[][] 
 []

[33]
Overfull \hbox (7.15001pt too wide) in paragraph at lines 1508--1523
[][] 
 []

File: ./2_44.png Graphic file (type bmp)
<./2_44.png>

Underfull \vbox (badness 10000) has occurred while \output is active []


Overfull \hbox (164.05844pt too wide) has occurred while \output is active
\TU/lmr/m/n/10 34 \TU/lmr/m/sl/10 CHAPTER 2.  LECTURE 2: TYPES OF VARIABLES, PROBABILITY AND PROBABILITY DISTRIBUTIONS
 []

[34]
File: ./2_45.png Graphic file (type bmp)
<./2_45.png>

Underfull \vbox (badness 10000) has occurred while \output is active []

[35]
File: ./2_46a.png Graphic file (type bmp)
<./2_46a.png>
File: ./2_46b.png Graphic file (type bmp)
<./2_46b.png>

Overfull \hbox (2.22926pt too wide) in paragraph at lines 1582--1584
[] [] 
 []


Overfull \hbox (164.05844pt too wide) has occurred while \output is active
\TU/lmr/m/n/10 36 \TU/lmr/m/sl/10 CHAPTER 2.  LECTURE 2: TYPES OF VARIABLES, PROBABILITY AND PROBABILITY DISTRIBUTIONS
 []

[36]
File: ./2_48.png Graphic file (type bmp)
<./2_48.png>
File: ./2_49.png Graphic file (type bmp)
<./2_49.png>

Underfull \vbox (badness 4096) has occurred while \output is active []

[37]
File: ./2_50.png Graphic file (type bmp)
<./2_50.png>
File: ./2_52.png Graphic file (type bmp)
<./2_52.png>

Overfull \hbox (164.05844pt too wide) has occurred while \output is active
\TU/lmr/m/n/10 38 \TU/lmr/m/sl/10 CHAPTER 2.  LECTURE 2: TYPES OF VARIABLES, PROBABILITY AND PROBABILITY DISTRIBUTIONS
 []

[38]
Missing character: There is no ≤ (U+2264) in font [lmroman10-regular]:mapping=tex-text;!
Missing character: There is no ≥ (U+2265) in font [lmroman10-regular]:mapping=tex-text;!
Missing character: There is no ≤ (U+2264) in font [lmroman10-regular]:mapping=tex-text;!
Missing character: There is no ≥ (U+2265) in font [lmroman10-regular]:mapping=tex-text;!
File: ./2_54.png Graphic file (type bmp)
<./2_54.png>
Missing character: There is no ≤ (U+2264) in font [lmroman10-regular]:mapping=tex-text;!
Missing character: There is no ≤ (U+2264) in font [lmroman10-regular]:mapping=tex-text;!
Missing character: There is no ≤ (U+2264) in font [lmroman10-regular]:mapping=tex-text;!
Missing character: There is no ≤ (U+2264) in font [lmroman10-regular]:mapping=tex-text;!
[39]
Missing character: There is no ≤ (U+2264) in font [lmroman10-regular]:mapping=tex-text;!
Missing character: There is no ≤ (U+2264) in font [lmroman10-regular]:mapping=tex-text;!
Missing character: There is no ≤ (U+2264) in font [lmroman10-regular]:mapping=tex-text;!
Missing character: There is no ≤ (U+2264) in font [lmroman10-regular]:mapping=tex-text;!
Missing character: There is no ≤ (U+2264) in font [lmroman10-regular]:mapping=tex-text;!
Missing character: There is no ≤ (U+2264) in font [lmroman10-regular]:mapping=tex-text;!
Missing character: There is no ≤ (U+2264) in font [lmroman10-regular]:mapping=tex-text;!
Missing character: There is no ≤ (U+2264) in font [lmroman10-regular]:mapping=tex-text;!
Missing character: There is no ≤ (U+2264) in font [lmroman10-regular]:mapping=tex-text;!
Missing character: There is no ≤ (U+2264) in font [lmroman10-regular]:mapping=tex-text;!
Missing character: There is no ≤ (U+2264) in font [lmroman10-regular]:mapping=tex-text;!
Missing character: There is no ≤ (U+2264) in font [lmroman10-regular]:mapping=tex-text;!
File: ./2_57.png Graphic file (type bmp)
<./2_57.png>

Overfull \hbox (164.05844pt too wide) has occurred while \output is active
\TU/lmr/m/n/10 40 \TU/lmr/m/sl/10 CHAPTER 2.  LECTURE 2: TYPES OF VARIABLES, PROBABILITY AND PROBABILITY DISTRIBUTIONS
 []

[40]
File: ./2_60.png Graphic file (type bmp)
<./2_60.png>
File: ./2_61.png Graphic file (type bmp)
<./2_61.png>
[41]

Package amsmath Warning: Foreign command \atopwithdelims;
(amsmath)                \frac or \genfrac should be used instead
(amsmath)                 on input line 1829.

File: ./2_62.png Graphic file (type bmp)
<./2_62.png>
File: ./2_63.png Graphic file (type bmp)
<./2_63.png>

Overfull \hbox (164.05844pt too wide) has occurred while \output is active
\TU/lmr/m/n/10 42 \TU/lmr/m/sl/10 CHAPTER 2.  LECTURE 2: TYPES OF VARIABLES, PROBABILITY AND PROBABILITY DISTRIBUTIONS
 []

[42]
File: ./2_64.png Graphic file (type bmp)
<./2_64.png>
File: ./2_65.png Graphic file (type bmp)
<./2_65.png>
[43]
File: ./2_67.png Graphic file (type bmp)
<./2_67.png>
Missing character: There is no α (U+03B1) in font [lmroman10-regular]:mapping=tex-text;!

Overfull \hbox (164.05844pt too wide) has occurred while \output is active
\TU/lmr/m/n/10 44 \TU/lmr/m/sl/10 CHAPTER 2.  LECTURE 2: TYPES OF VARIABLES, PROBABILITY AND PROBABILITY DISTRIBUTIONS
 []

[44]
File: ./2_73.png Graphic file (type bmp)
<./2_73.png>
[45]
File: ./2_74.png Graphic file (type bmp)
<./2_74.png>

Overfull \hbox (164.05844pt too wide) has occurred while \output is active
\TU/lmr/m/n/10 46 \TU/lmr/m/sl/10 CHAPTER 2.  LECTURE 2: TYPES OF VARIABLES, PROBABILITY AND PROBABILITY DISTRIBUTIONS
 []

[46]
Chapter 3.
File: ./3_3.png Graphic file (type bmp)
<./3_3.png>
[47

]
File: ./3_4.png Graphic file (type bmp)
<./3_4.png>
File: ./3_6.png Graphic file (type bmp)
<./3_6.png>
File: ./3_7.png Graphic file (type bmp)
<./3_7.png>

Overfull \hbox (81.16736pt too wide) has occurred while \output is active
\TU/lmr/m/n/10 48 \TU/lmr/m/sl/10 CHAPTER 3.  LECTURE 3: CENTRAL LIMIT THEOREM AND INFERENCE FOR MEANS
 []

[48]
File: ./3_8.png Graphic file (type bmp)
<./3_8.png>
[49]
File: ./3_12.png Graphic file (type bmp)
<./3_12.png>

Underfull \vbox (badness 10000) has occurred while \output is active []


Overfull \hbox (81.16736pt too wide) has occurred while \output is active
\TU/lmr/m/n/10 50 \TU/lmr/m/sl/10 CHAPTER 3.  LECTURE 3: CENTRAL LIMIT THEOREM AND INFERENCE FOR MEANS
 []

[50]
File: ./3_13.png Graphic file (type bmp)
<./3_13.png>
File: ./3_14.png Graphic file (type bmp)
<./3_14.png>

Underfull \vbox (badness 10000) has occurred while \output is active []

[51]
Overfull \hbox (81.16736pt too wide) has occurred while \output is active
\TU/lmr/m/n/10 52 \TU/lmr/m/sl/10 CHAPTER 3.  LECTURE 3: CENTRAL LIMIT THEOREM AND INFERENCE FOR MEANS
 []

[52]
Overfull \hbox (114.07pt too wide) in paragraph at lines 2210--2249
[][] 
 []

Missing character: There is no μ (U+03BC) in font [lmroman10-regular]:mapping=tex-text;!
Missing character: There is no σ (U+03C3) in font [lmroman10-regular]:mapping=tex-text;!
[53]
File: ./3_21.png Graphic file (type bmp)
<./3_21.png>
Missing character: There is no μ (U+03BC) in font [lmroman10-regular]:mapping=tex-text;!
Missing character: There is no μ (U+03BC) in font [lmroman10-regular]:mapping=tex-text;!
Missing character: There is no μ (U+03BC) in font [lmroman10-regular]:mapping=tex-text;!
Missing character: There is no σ (U+03C3) in font [lmroman10-regular]:mapping=tex-text;!
File: ./3_23.png Graphic file (type bmp)
<./3_23.png>
File: ./3_24.png Graphic file (type bmp)
<./3_24.png>

Underfull \vbox (badness 5893) has occurred while \output is active []


Overfull \hbox (81.16736pt too wide) has occurred while \output is active
\TU/lmr/m/n/10 54 \TU/lmr/m/sl/10 CHAPTER 3.  LECTURE 3: CENTRAL LIMIT THEOREM AND INFERENCE FOR MEANS
 []

[54]
File: ./3_25.png Graphic file (type bmp)
<./3_25.png>
File: ./3_26.png Graphic file (type bmp)
<./3_26.png>
File: ./3_27.png Graphic file (type bmp)
<./3_27.png>

Underfull \vbox (badness 10000) has occurred while \output is active []

[55]
Missing character: There is no σ (U+03C3) in font [lmroman10-regular]:mapping=tex-text;!

Overfull \hbox (81.16736pt too wide) has occurred while \output is active
\TU/lmr/m/n/10 56 \TU/lmr/m/sl/10 CHAPTER 3.  LECTURE 3: CENTRAL LIMIT THEOREM AND INFERENCE FOR MEANS
 []

[56]
File: ./3_32.png Graphic file (type bmp)
<./3_32.png>
[57]
File: ./3_35.png Graphic file (type bmp)
<./3_35.png>

Overfull \hbox (24.86pt too wide) in paragraph at lines 2453--2457
[]\TU/lmr/m/n/10 par(mfrow=c(2,3)) hist(x1);hist(x2);hist(x3);hist(x4) hist(x1+x2+x3+x4,xlab=“Sum
 []


Overfull \hbox (81.16736pt too wide) has occurred while \output is active
\TU/lmr/m/n/10 58 \TU/lmr/m/sl/10 CHAPTER 3.  LECTURE 3: CENTRAL LIMIT THEOREM AND INFERENCE FOR MEANS
 []

[58]
File: ./3_38.png Graphic file (type bmp)
<./3_38.png>
Missing character: There is no α (U+03B1) in font [lmroman10-regular]:mapping=tex-text;!
Missing character: There is no α (U+03B1) in font [lmroman10-regular]:mapping=tex-text;!
Missing character: There is no α (U+03B1) in font [lmroman10-regular]:mapping=tex-text;!
Missing character: There is no α (U+03B1) in font [lmroman10-regular]:mapping=tex-text;!
Missing character: There is no σ (U+03C3) in font [lmroman10-regular]:mapping=tex-text;!
[59]
Missing character: There is no α (U+03B1) in font [lmroman10-regular]:mapping=tex-text;!
File: ./3_41.png Graphic file (type bmp)
<./3_41.png>
Missing character: There is no ν (U+03BD) in font [lmroman10-regular]:mapping=tex-text;!
Missing character: There is no ν (U+03BD) in font [lmroman10-regular]:mapping=tex-text;!
File: ./3_42.png Graphic file (type bmp)
<./3_42.png>

Overfull \hbox (81.16736pt too wide) has occurred while \output is active
\TU/lmr/m/n/10 60 \TU/lmr/m/sl/10 CHAPTER 3.  LECTURE 3: CENTRAL LIMIT THEOREM AND INFERENCE FOR MEANS
 []

[60]
File: ./3_44.png Graphic file (type bmp)
<./3_44.png>

Underfull \vbox (badness 10000) has occurred while \output is active []

[61]
Overfull \hbox (81.16736pt too wide) has occurred while \output is active
\TU/lmr/m/n/10 62 \TU/lmr/m/sl/10 CHAPTER 3.  LECTURE 3: CENTRAL LIMIT THEOREM AND INFERENCE FOR MEANS
 []

[62]
File: ./3_48.png Graphic file (type bmp)
<./3_48.png>
File: ./3_49.png Graphic file (type bmp)
<./3_49.png>
[63]
File: ./3_53.png Graphic file (type bmp)
<./3_53.png>
File: ./3_54.png Graphic file (type bmp)
<./3_54.png>

Underfull \vbox (badness 10000) has occurred while \output is active []


Overfull \hbox (81.16736pt too wide) has occurred while \output is active
\TU/lmr/m/n/10 64 \TU/lmr/m/sl/10 CHAPTER 3.  LECTURE 3: CENTRAL LIMIT THEOREM AND INFERENCE FOR MEANS
 []

[64]
File: ./3_55.png Graphic file (type bmp)
<./3_55.png>
Missing character: There is no α (U+03B1) in font [lmroman10-regular]:mapping=tex-text;!

Overfull \hbox (46.32234pt too wide) has occurred while \output is active
\TU/lmr/m/sl/10 3.4.  CONFIDENCE INTERVAL FOR THE DIFFERENCE BETWEEN TWO MEANS \TU/lmr/m/n/10 65
 []

[65]
File: ./3_56.png Graphic file (type bmp)
<./3_56.png>
File: ./3_57.png Graphic file (type bmp)
<./3_57.png>

Overfull \hbox (81.16736pt too wide) has occurred while \output is active
\TU/lmr/m/n/10 66 \TU/lmr/m/sl/10 CHAPTER 3.  LECTURE 3: CENTRAL LIMIT THEOREM AND INFERENCE FOR MEANS
 []

[66]
File: ./3_62.png Graphic file (type bmp)
<./3_62.png>

Underfull \vbox (badness 4713) has occurred while \output is active []


Overfull \hbox (46.32234pt too wide) has occurred while \output is active
\TU/lmr/m/sl/10 3.4.  CONFIDENCE INTERVAL FOR THE DIFFERENCE BETWEEN TWO MEANS \TU/lmr/m/n/10 67
 []

[67]
File: ./3_66.png Graphic file (type bmp)
<./3_66.png>

Overfull \hbox (81.16736pt too wide) has occurred while \output is active
\TU/lmr/m/n/10 68 \TU/lmr/m/sl/10 CHAPTER 3.  LECTURE 3: CENTRAL LIMIT THEOREM AND INFERENCE FOR MEANS
 []

[68]
Missing character: There is no δ (U+03B4) in font [lmroman10-regular]:mapping=tex-text;!
[69]
File: ./3_70.png Graphic file (type bmp)
<./3_70.png>
Missing character: There is no α (U+03B1) in font [lmroman10-regular]:mapping=tex-text;!

Overfull \hbox (81.16736pt too wide) has occurred while \output is active
\TU/lmr/m/n/10 70 \TU/lmr/m/sl/10 CHAPTER 3.  LECTURE 3: CENTRAL LIMIT THEOREM AND INFERENCE FOR MEANS
 []

[70]
Missing character: There is no α (U+03B1) in font [lmroman12-bold]:mapping=tex-text;!
Missing character: There is no δ (U+03B4) in font [lmroman12-bold]:mapping=tex-text;!
Missing character: There is no α (U+03B1) in font [lmroman10-regular]:mapping=tex-text;!
Missing character: There is no δ (U+03B4) in font [lmroman10-regular]:mapping=tex-text;!
Missing character: There is no α (U+03B1) in font [lmroman10-regular]:mapping=tex-text;!
Missing character: There is no δ (U+03B4) in font [lmroman10-regular]:mapping=tex-text;!

Underfull \hbox (badness 10000) in paragraph at lines 3000--3003

 []

Missing character: There is no δ (U+03B4) in font [lmroman10-regular]:mapping=tex-text;!
[71]
Overfull \hbox (81.16736pt too wide) has occurred while \output is active
\TU/lmr/m/n/10 72 \TU/lmr/m/sl/10 CHAPTER 3.  LECTURE 3: CENTRAL LIMIT THEOREM AND INFERENCE FOR MEANS
 []

[72]
Chapter 4.
[73

]
Overfull \hbox (707.74005pt too wide) in paragraph at lines 3119--3126
[] 
 []


Overfull \hbox (839.87006pt too wide) in paragraph at lines 3130--3137
[] 
 []


Overfull \hbox (839.87006pt too wide) in paragraph at lines 3141--3148
[] 
 []

Missing character: There is no µ ("B5) in font lmmi10!
Missing character: There is no µ ("B5) in font lmmi10!
Missing character: There is no µ ("B5) in font lmmi10!
Missing character: There is no µ ("B5) in font lmmi10!
[74]
Missing character: There is no µ ("B5) in font lmmi10!
Missing character: There is no µ ("B5) in font lmmi10!
Missing character: There is no µ ("B5) in font lmmi10!
Missing character: There is no µ ("B5) in font lmmi10!
Missing character: There is no µ ("B5) in font lmmi10!
Missing character: There is no µ ("B5) in font lmmi10!
Missing character: There is no µ ("B5) in font lmmi10!
Missing character: There is no µ ("B5) in font lmmi10!
Missing character: There is no µ ("B5) in font lmmi10!

Overfull \hbox (78.82pt too wide) in paragraph at lines 3177--3192
[] 
 []

[75]
File: ./4_15.png Graphic file (type bmp)
<./4_15.png>
[76]
Missing character: There is no α (U+03B1) in font [lmroman10-regular]:mapping=tex-text;!
Missing character: There is no β (U+03B2) in font [lmroman10-regular]:mapping=tex-text;!
Missing character: There is no α (U+03B1) in font [lmroman10-regular]:mapping=tex-text;!
Missing character: There is no β (U+03B2) in font [lmroman10-regular]:mapping=tex-text;!
Missing character: There is no α (U+03B1) in font [lmroman10-regular]:mapping=tex-text;!
[77]
File: ./4_21a.png Graphic file (type bmp)
<./4_21a.png>
File: ./4_21b.png Graphic file (type bmp)
<./4_21b.png>
Missing character: There is no µ ("B5) in font lmmi10!
Missing character: There is no µ ("B5) in font lmmi10!
Missing character: There is no µ ("B5) in font lmmi10!
Missing character: There is no µ ("B5) in font lmmi10!
[78]
Missing character: There is no µ ("B5) in font lmmi10!
Missing character: There is no µ ("B5) in font lmmi10!
Missing character: There is no µ ("B5) in font lmmi10!
[79]
File: ./4_26.png Graphic file (type bmp)
<./4_26.png>
Missing character: There is no α (U+03B1) in font [lmroman10-regular]:mapping=tex-text;!
File: ./4_27.png Graphic file (type bmp)
<./4_27.png>
Missing character: There is no µ ("B5) in font lmmi10!
Missing character: There is no µ ("B5) in font lmmi10!
Missing character: There is no α (U+03B1) in font [lmroman10-regular]:mapping=tex-text;!
File: ./4_28.png Graphic file (type bmp)
<./4_28.png>
[80]
Missing character: There is no µ ("B5) in font lmmi10!
Missing character: There is no µ ("B5) in font lmmi10!
Missing character: There is no α (U+03B1) in font [lmroman10-regular]:mapping=tex-text;!
File: ./4_29.png Graphic file (type bmp)
<./4_29.png>
File: ./4_30.png Graphic file (type bmp)
<./4_30.png>

Underfull \vbox (badness 1975) has occurred while \output is active []

[81]
Overfull \hbox (865.52008pt too wide) in paragraph at lines 3550--3557
[] 
 []

[82]
Overfull \hbox (904.49008pt too wide) in paragraph at lines 3561--3568
[] 
 []


Overfull \hbox (896.23009pt too wide) in paragraph at lines 3572--3579
[] 
 []

Missing character: There is no µ ("B5) in font lmmi10!
Missing character: There is no µ ("B5) in font lmmi10!
[83]
Missing character: There is no α (U+03B1) in font [lmroman10-regular]:mapping=tex-text;!
Missing character: There is no µ ("B5) in font lmmi10!
Missing character: There is no µ ("B5) in font lmmi10!
Missing character: There is no µ ("B5) in font lmmi10!
Missing character: There is no µ ("B5) in font lmmi10!
[84]
Missing character: There is no µ ("B5) in font lmmi10!
Missing character: There is no µ ("B5) in font lmmi10!
Missing character: There is no µ ("B5) in font lmmi10!
Missing character: There is no µ ("B5) in font lmmi10!
Missing character: There is no α (U+03B1) in font [lmroman10-regular]:mapping=tex-text;!

Underfull \vbox (badness 1424) has occurred while \output is active []

[85]
File: ./4_48.png Graphic file (type bmp)
<./4_48.png>
[86]
Overfull \hbox (10.70564pt too wide) has occurred while \output is active
\TU/lmr/m/sl/10 4.2.  HYPOTHESIS TESTING VS. CONFIDENCE INTERVAL ESTIMATION \TU/lmr/m/n/10 87
 []

[87]
Missing character: There is no ≤ (U+2264) in font [lmroman10-regular]:mapping=tex-text;!

Underfull \hbox (badness 10000) in paragraph at lines 3820--3822

 []

Missing character: There is no ≤ (U+2264) in font [lmroman10-regular]:mapping=tex-text;!
Missing character: There is no µ ("B5) in font lmmi10!
Missing character: There is no µ ("B5) in font lmmi10!
Missing character: There is no α (U+03B1) in font [lmroman10-regular]:mapping=tex-text;!
Missing character: There is no β (U+03B2) in font [lmroman10-regular]:mapping=tex-text;!
File: ./4_55.png Graphic file (type bmp)
<./4_55.png>
[88]
Missing character: There is no α (U+03B1) in font [lmroman10-regular]:mapping=tex-text;!
Missing character: There is no β (U+03B2) in font [lmroman10-regular]:mapping=tex-text;!
File: ./4_58.png Graphic file (type bmp)
<./4_58.png>

Overfull \hbox (29.66014pt too wide) has occurred while \output is active
\TU/lmr/m/sl/10 4.3.  SAMPLE SIZE CALCULATIONS FOR STUDIES OF ONE OR TWO MEANS \TU/lmr/m/n/10 89
 []

[89]
Missing character: There is no α (U+03B1) in font [lmroman10-bold]:mapping=tex-text;!
Missing character: There is no β (U+03B2) in font [lmroman10-bold]:mapping=tex-text;!
Missing character: There is no µ ("B5) in font lmmi10!
Missing character: There is no α (U+03B1) in font [lmroman10-regular]:mapping=tex-text;!
Missing character: There is no α (U+03B1) in font [lmroman10-regular]:mapping=tex-text;!
Missing character: There is no β (U+03B2) in font [lmroman10-regular]:mapping=tex-text;!
Missing character: There is no δ (U+03B4) in font [lmroman10-regular]:mapping=tex-text;!

Overfull \hbox (168.72003pt too wide) in paragraph at lines 3968--3981
[] 
 []

[90]
Missing character: There is no δ (U+03B4) in font [lmroman10-regular]:mapping=tex-text;!
Missing character: There is no µ ("B5) in font lmmi10!
Missing character: There is no µ ("B5) in font lmmi10!
Missing character: There is no µ ("B5) in font lmmi10!
Missing character: There is no µ ("B5) in font lmmi10!
Missing character: There is no µ ("B5) in font lmmi10!
Missing character: There is no µ ("B5) in font lmmi10!

Overfull \hbox (29.66014pt too wide) has occurred while \output is active
\TU/lmr/m/sl/10 4.3.  SAMPLE SIZE CALCULATIONS FOR STUDIES OF ONE OR TWO MEANS \TU/lmr/m/n/10 91
 []

[91]
! Missing $ inserted.
<inserted text> 
                $
l.4052 ...rac{4\times 9^2(1.65+0.84)^2}{(15)^2}\]]
                                                   
Here is how much of TeX's memory you used:
 19924 strings out of 477864
 358847 string characters out of 5846125
 802892 words of memory out of 5000000
 40497 multiletter control sequences out of 15000+600000
 475816 words of font info for 82 fonts, out of 8000000 for 9000
 14 hyphenation exceptions out of 8191
 86i,9n,121p,758b,544s stack positions out of 10000i,1000n,20000p,200000b,200000s

Output written on _main.pdf (91 pages).
